2017/05/16 10:35:13 [error] [exception.CHttpException.404] exception 'CHttpException' with message '系统无法找到请求的 "login、" 动作.' in /usr/share/nginx/html/framework/web/CController.php:483
Stack trace:
#0 /usr/share/nginx/html/framework/web/CController.php(270): CController->missingAction('login\xE3\x80\x81')
#1 /usr/share/nginx/html/framework/web/CWebApplication.php(282): CController->run('login\xE3\x80\x81')
#2 /usr/share/nginx/html/framework/web/CWebApplication.php(141): CWebApplication->runController('admin/login\xE3\x80\x81')
#3 /usr/share/nginx/html/framework/base/CApplication.php(184): CWebApplication->processRequest()
#4 /usr/share/nginx/html/admin.php(13): CApplication->run()
#5 {main}
REQUEST_URI=/admin.php?r=admin/login%E3%80%81
---
2017/07/19 09:49:49 [error] [exception.CHttpException.404] exception 'CHttpException' with message '无法解析请求 "api%@"。' in /usr/share/nginx/html/framework/web/CWebApplication.php:286
Stack trace:
#0 /usr/share/nginx/html/framework/web/CWebApplication.php(141): CWebApplication->runController('api%@')
#1 /usr/share/nginx/html/framework/base/CApplication.php(184): CWebApplication->processRequest()
#2 /usr/share/nginx/html/api.php(13): CApplication->run()
#3 {main}
REQUEST_URI=/api.php?r=api%@
---
2017/07/24 15:47:48 [error] [exception.CHttpException.404] exception 'CHttpException' with message '无法解析请求 "debug"。' in /usr/share/nginx/html/framework/web/CWebApplication.php:286
Stack trace:
#0 /usr/share/nginx/html/framework/web/CWebApplication.php(141): CWebApplication->runController('debug')
#1 /usr/share/nginx/html/framework/base/CApplication.php(184): CWebApplication->processRequest()
#2 /usr/share/nginx/html/admin.php(13): CApplication->run()
#3 {main}
REQUEST_URI=/admin.php?r=debug
---
2017/07/24 15:47:56 [error] [exception.CHttpException.403] exception 'CHttpException' with message 'You are not allowed to access this page.' in /usr/share/nginx/html/framework/gii/GiiModule.php:170
Stack trace:
#0 /usr/share/nginx/html/framework/web/CController.php(263): GiiModule->beforeControllerAction(Object(DefaultController), Object(CInlineAction))
#1 /usr/share/nginx/html/framework/web/CWebApplication.php(282): CController->run('')
#2 /usr/share/nginx/html/framework/web/CWebApplication.php(141): CWebApplication->runController('gii')
#3 /usr/share/nginx/html/framework/base/CApplication.php(184): CWebApplication->processRequest()
#4 /usr/share/nginx/html/admin.php(13): CApplication->run()
#5 {main}
REQUEST_URI=/admin.php?r=gii
---
